WARN [neovide::renderer::fonts::font_loader] Tried to load Noto Color Emoji from assets but build didn't include embed-fonts feature
WARN [neovide::renderer::fonts::font_loader] Tried to load Extra Symbols.otf from assets but build didn't include embed-fonts feature
WARN [neovide::renderer::fonts::font_loader] Tried to load Missing Glyphs.otf from assets but build didn't include embed-fonts feature
WARN [neovide::renderer::fonts::font_loader] Tried to load Noto Color Emoji from assets but build didn't include embed-fonts feature
WARN [neovide::renderer::fonts::font_loader] Tried to load Extra Symbols.otf from assets but build didn't include embed-fonts feature
WARN [neovide::renderer::fonts::font_loader] Tried to load Missing Glyphs.otf from assets but build didn't include embed-fonts feature
WARN [neovide::renderer::fonts::font_loader] Tried to load Noto Color Emoji from assets but build didn't include embed-fonts feature
WARN [neovide::renderer::fonts::font_loader] Tried to load Extra Symbols.otf from assets but build didn't include embed-fonts feature
WARN [neovide::renderer::fonts::font_loader] Tried to load Missing Glyphs.otf from assets but build didn't include embed-fonts feature
INFO [neovide::bridge] Close watcher started
INFO [neovide::bridge] Neovide registered to nvim with channel id 1
INFO [neovide::bridge] Neovim process attached
TRACE [neovide::bridge::handler] Neovim notification: "redraw"
ERROR [neovide::error_handling] Could not parse event from neovim: invalid event format
WARN [neovide::settings] Initial value load failed for window_position_animation_length: Error processing request: 1 - 'Key not found: neovide_window_position_animation_length')
TRACE [neovide::editor] Option set ArabicShape(true)
TRACE [neovide::editor] Option set AmbiWidth("single")
TRACE [neovide::editor] Option set Emoji(true)
TRACE [neovide::editor] Option set GuiFont("")
TRACE [neovide::editor] Option set GuiFontWide("")
TRACE [neovide::editor] Option set LineSpace(0)
TRACE [neovide::editor] Option set Unknown("mousefocus", Boolean(false))
TRACE [neovide::editor] Option set Pumblend(0)
TRACE [neovide::editor] Option set ShowTabLine(1)
TRACE [neovide::editor] Option set TermGuiColors(false)
TRACE [neovide::editor] Option set Unknown("ttimeout", Boolean(true))
TRACE [neovide::editor] Option set Unknown("ttimeoutlen", Integer(PosInt(50)))
TRACE [neovide::editor] Option set Unknown("ext_linegrid", Boolean(true))
TRACE [neovide::editor] Option set Unknown("ext_multigrid", Boolean(false))
TRACE [neovide::editor] Option set Unknown("ext_hlstate", Boolean(false))
TRACE [neovide::editor] Option set Unknown("ext_termcolors", Boolean(false))
TRACE [neovide::editor] Option set Unknown("ext_cmdline", Boolean(false))
TRACE [neovide::editor] Option set Unknown("ext_popupmenu", Boolean(false))
TRACE [neovide::editor] Option set Unknown("ext_tabline", Boolean(false))
TRACE [neovide::editor] Option set Unknown("ext_wildmenu", Boolean(false))
TRACE [neovide::editor] Option set Unknown("ext_messages", Boolean(false))
WARN [neovide::editor] editor resize 1
TRACE [neovide::editor] Option set GuiFont("Inconsolata:h12")
TRACE [neovide::editor] Option set TermGuiColors(true)
TRACE [neovide::editor] Option set ShowTabLine(2)
WARN [neovide::settings] Initial value load failed for cursor_vfx_mode: Error processing request: 1 - 'Key not found: neovide_cursor_vfx_mode')
WARN [neovide::settings] Initial value load failed for cursor_vfx_particle_density: Error processing request: 1 - 'Key not found: neovide_cursor_vfx_particle_density')
WARN [neovide::settings] Initial value load failed for cursor_vfx_particle_curl: Error processing request: 1 - 'Key not found: neovide_cursor_vfx_particle_curl')
WARN [neovide::settings] Initial value load failed for fullscreen: Error processing request: 1 - 'Key not found: neovide_fullscreen')
WARN [neovide::settings] Initial value load failed for iso_layout: Error processing request: 1 - 'Key not found: neovide_iso_layout')
WARN [neovide::settings] Initial value load failed for extra_buffer_frames: Error processing request: 1 - 'Key not found: neovide_extra_buffer_frames')
WARN [neovide::settings] Initial value load failed for no_idle: Error processing request: 1 - 'Key not found: neovide_no_idle')
WARN [neovide::settings] Initial value load failed for cursor_antialiasing: Error processing request: 1 - 'Key not found: neovide_cursor_antialiasing')
WARN [neovide::settings] Initial value load failed for cursor_animate_in_insert_mode: Error processing request: 1 - 'Key not found: neovide_cursor_animate_in_insert_mode')
WARN [neovide::settings] Initial value load failed for cursor_trail_size: Error processing request: 1 - 'Key not found: neovide_cursor_trail_size')
WARN [neovide::settings] Initial value load failed for cursor_vfx_particle_phase: Error processing request: 1 - 'Key not found: neovide_cursor_vfx_particle_phase')
WARN [neovide::settings] Initial value load failed for window_scroll_animation_length: Error processing request: 1 - 'Key not found: neovide_window_scroll_animation_length')
WARN [neovide::settings] Initial value load failed for cursor_animation_length: Error processing request: 1 - 'Key not found: neovide_cursor_animation_length')
WARN [neovide::settings] Initial value load failed for window_floating_opacity: Error processing request: 1 - 'Key not found: neovide_window_floating_opacity')
WARN [neovide::settings] Initial value load failed for window_floating_blur: Error processing request: 1 - 'Key not found: neovide_window_floating_blur')
WARN [neovide::settings] Initial value load failed for cursor_vfx_particle_speed: Error processing request: 1 - 'Key not found: neovide_cursor_vfx_particle_speed')
WARN [neovide::settings] Initial value load failed for cursor_vfx_opacity: Error processing request: 1 - 'Key not found: neovide_cursor_vfx_opacity')
WARN [neovide::settings] Initial value load failed for keyboard_layout: Error processing request: 1 - 'Key not found: neovide_keyboard_layout')
WARN [neovide::settings] Initial value load failed for refresh_rate: Error processing request: 1 - 'Key not found: neovide_refresh_rate')
WARN [neovide::settings] Initial value load failed for cursor_vfx_particle_lifetime: Error processing request: 1 - 'Key not found: neovide_cursor_vfx_particle_lifetime')
INFO [neovide::window::window_wrapper] window created
TRACE [neovide::redraw_scheduler] Next frame queued
TRACE [neovide::redraw_scheduler] Next frame queued
TRACE [neovide::redraw_scheduler] Next frame queued
TRACE [neovide::redraw_scheduler] Next frame queued
TRACE [neovide::redraw_scheduler] Next frame queued
TRACE [neovide::redraw_scheduler] Next frame queued
TRACE [neovide::redraw_scheduler] Next frame queued
DEBUG [neovide::window::window_wrapper] Render Triggered
TRACE [neovide::renderer] Rendering
TRACE [neovide::redraw_scheduler] Next frame queued
DEBUG [neovide::window::window_wrapper] Render Triggered
TRACE [neovide::renderer] Rendering
TRACE [neovide::redraw_scheduler] Next frame queued
TRACE [neovide::bridge::handler] Neovim notification: "redraw"
TRACE [neovide::editor] Option set Unknown("ext_cmdline", Boolean(false))
TRACE [neovide::editor] Option set Unknown("ext_popupmenu", Boolean(false))
TRACE [neovide::editor] Option set Unknown("ext_tabline", Boolean(false))
TRACE [neovide::editor] Option set Unknown("ext_wildmenu", Boolean(false))
TRACE [neovide::editor] Option set Unknown("ext_messages", Boolean(false))
WARN [neovide::editor] editor resize 1
ERROR [neovide::error_handling] Could not parse event from neovim: invalid event format
TRACE [neovide::bridge::handler] Neovim notification: "redraw"
TRACE [neovide::editor] Image flushed
TRACE [neovide::redraw_scheduler] Next frame queued
DEBUG [neovide::window::window_wrapper] Render Triggered
TRACE [neovide::renderer] Rendering
WARN [neovide::renderer] FontChanged
WARN [neovide::renderer] DefaultStyleChanged
WARN [neovide::renderer] DefaultStyleChanged
WARN [neovide::renderer] Window 1 Position { left: 0, right: 0 }
WARN [neovide::renderer] Created window 1
WARN [neovide::renderer] Window 1 Clear
WARN [neovide::renderer] FontChanged
TRACE [neovide::renderer::fonts::caching_shaper] Font changed: FontOptions { previous_guifont_setting: Some("Inconsolata:h12"), fallback_list: ["Inconsolata"], size: 12.0 }
WARN [neovide::renderer::fonts::font_loader] Tried to load Inconsolata from assets but build didn't include embed-fonts feature
WARN [neovide::renderer::fonts::font_loader] Tried to load Noto Color Emoji from assets but build didn't include embed-fonts feature
WARN [neovide::renderer::fonts::font_loader] Tried to load Extra Symbols.otf from assets but build didn't include embed-fonts feature
WARN [neovide::renderer::fonts::font_loader] Tried to load Missing Glyphs.otf from assets but build didn't include embed-fonts feature
WARN [neovide::renderer::fonts::font_loader] Tried to load Inconsolata from assets but build didn't include embed-fonts feature
WARN [neovide::renderer::fonts::font_loader] Tried to load Noto Color Emoji from assets but build didn't include embed-fonts feature
WARN [neovide::renderer::fonts::font_loader] Tried to load Extra Symbols.otf from assets but build didn't include embed-fonts feature
WARN [neovide::renderer::fonts::font_loader] Tried to load Missing Glyphs.otf from assets but build didn't include embed-fonts feature
WARN [neovide::renderer::fonts::font_loader] Tried to load Inconsolata from assets but build didn't include embed-fonts feature
WARN [neovide::renderer::fonts::font_loader] Tried to load Noto Color Emoji from assets but build didn't include embed-fonts feature
WARN [neovide::renderer::fonts::font_loader] Tried to load Extra Symbols.otf from assets but build didn't include embed-fonts feature
WARN [neovide::renderer::fonts::font_loader] Tried to load Missing Glyphs.otf from assets but build didn't include embed-fonts feature
WARN [neovide::renderer] Window 1 Clear
WARN [neovide::renderer] DefaultStyleChanged
WARN [neovide::renderer] DefaultStyleChanged
WARN [neovide::renderer] DefaultStyleChanged
WARN [neovide::renderer] DefaultStyleChanged
WARN [neovide::renderer] DefaultStyleChanged
WARN [neovide::renderer] Window 1 Position { left: 0, right: 0 }
WARN [neovide::renderer] Window 1 Clear
WARN [neovide::renderer] Window 1 Clear
WARN [neovide::renderer] Window 1 Cell
WARN [neovide::renderer] Window 1 Cell
WARN [neovide::renderer] Window 1 Cell
WARN [neovide::renderer] Window 1 Cell
WARN [neovide::renderer] Window 1 Cell
WARN [neovide::renderer] Window 1 Cell
WARN [neovide::renderer] Window 1 Cell
WARN [neovide::renderer] Window 1 Cell
WARN [neovide::renderer] Window 1 Cell
WARN [neovide::renderer] Window 1 Cell
WARN [neovide::renderer] Window 1 Cell
WARN [neovide::renderer] Window 1 Cell
WARN [neovide::renderer] Window 1 Cell
WARN [neovide::renderer] Window 1 Cell
WARN [neovide::renderer] Window 1 Cell
WARN [neovide::renderer] Window 1 Cell
WARN [neovide::renderer] Window 1 Cell
WARN [neovide::renderer] Window 1 Cell
WARN [neovide::renderer] Window 1 Cell
WARN [neovide::renderer] Window 1 Cell
WARN [neovide::renderer] Window 1 Cell
WARN [neovide::renderer] Window 1 Cell
WARN [neovide::renderer] Window 1 Cell
WARN [neovide::renderer] Window 1 Cell
WARN [neovide::renderer] Window 1 Cell
WARN [neovide::renderer] Window 1 Cell
WARN [neovide::renderer] Window 1 Cell
WARN [neovide::renderer] Window 1 Cell
WARN [neovide::renderer] Window 1 Cell
WARN [neovide::renderer] Window 1 Cell
WARN [neovide::renderer] Window 1 Cell
WARN [neovide::renderer] Window 1 Cell
WARN [neovide::renderer] Window 1 Cell
WARN [neovide::renderer] Window 1 Cell
WARN [neovide::renderer] Window 1 Cell
WARN [neovide::renderer] Window 1 Cell
WARN [neovide::renderer] Window 1 Cell
WARN [neovide::renderer] Window 1 Cell
WARN [neovide::renderer] Window 1 Cell
WARN [neovide::renderer] Window 1 Cell
WARN [neovide::renderer] Window 1 Cell
WARN [neovide::renderer] Window 1 Cell
WARN [neovide::renderer] Window 1 Cell
WARN [neovide::renderer] Window 1 Cell
WARN [neovide::renderer] Window 1 Cell
WARN [neovide::renderer] Window 1 Cell
WARN [neovide::renderer] Window 1 Cell
WARN [neovide::renderer] Window 1 Cell
WARN [neovide::renderer] Window 1 Cell
WARN [neovide::renderer] Window 1 Cell
WARN [neovide::renderer] Window 1 Cell
WARN [neovide::renderer] Window 1 Cell
WARN [neovide::renderer] Window 1 Cell
WARN [neovide::renderer] Window 1 Cell
WARN [neovide::renderer] Window 1 Cell
WARN [neovide::renderer] Window 1 Cell
WARN [neovide::renderer] Window 1 Cell
WARN [neovide::renderer] Window 1 Cell
WARN [neovide::renderer] Window 1 Cell
WARN [neovide::renderer] Window 1 Cell
WARN [neovide::renderer] Window 1 Cell
WARN [neovide::renderer] Window 1 Cell
WARN [neovide::renderer] Window 1 Cell
WARN [neovide::renderer] Window 1 Cell
WARN [neovide::renderer] Window 1 Cell
WARN [neovide::renderer] Window 1 Cell
WARN [neovide::renderer] Window 1 Cell
WARN [neovide::renderer] Window 1 Cell
WARN [neovide::renderer] Window 1 Cell
WARN [neovide::renderer] Window 1 Cell
WARN [neovide::renderer] Window 1 Cell
WARN [neovide::renderer] Window 1 Cell
WARN [neovide::renderer] Window 1 Cell
WARN [neovide::renderer] Window 1 Cell
WARN [neovide::renderer] Window 1 Cell
WARN [neovide::renderer] Window 1 Cell
WARN [neovide::renderer] Window 1 Cell
WARN [neovide::renderer] Window 1 Cell
WARN [neovide::renderer] Window 1 Cell
WARN [neovide::renderer] Window 1 Cell
WARN [neovide::renderer] Window 1 Cell
WARN [neovide::renderer] Window 1 Cell
WARN [neovide::renderer] Window 1 Cell
WARN [neovide::renderer] Window 1 Cell
WARN [neovide::renderer] Window 1 Cell
WARN [neovide::renderer] Window 1 Cell
WARN [neovide::renderer] Window 1 Cell
WARN [neovide::renderer] Window 1 Cell
WARN [neovide::renderer] Window 1 Cell
WARN [neovide::renderer] Window 1 Cell
WARN [neovide::renderer] Window 1 Cell
WARN [neovide::renderer] Window 1 Cell
WARN [neovide::renderer] Window 1 Cell
WARN [neovide::renderer] Window 1 Cell
WARN [neovide::renderer] Window 1 Cell
WARN [neovide::renderer] Window 1 Cell
WARN [neovide::renderer] Window 1 Cell
WARN [neovide::renderer] Window 1 Cell
WARN [neovide::renderer] Window 1 Cell
WARN [neovide::renderer] Window 1 Cell
WARN [neovide::renderer] Window 1 Cell
WARN [neovide::renderer] Window 1 Cell
WARN [neovide::renderer] Window 1 Cell
WARN [neovide::renderer] Window 1 Cell
WARN [neovide::renderer] Window 1 Cell
WARN [neovide::renderer] Window 1 Cell
WARN [neovide::renderer] Window 1 Cell
WARN [neovide::renderer] Window 1 Cell
WARN [neovide::renderer] Window 1 Cell
WARN [neovide::renderer] ModeChanged
WARN [neovide::renderer] UpdateCursor
TRACE [neovide::redraw_scheduler] Next frame queued
TRACE [neovide::redraw_scheduler] Next frame queued
DEBUG [neovide::window::window_wrapper] Render Triggered
TRACE [neovide::renderer] Rendering
TRACE [neovide::redraw_scheduler] Next frame queued
TRACE [neovide::bridge::handler] Neovim notification: "redraw"
TRACE [neovide::editor] Option set Unknown("ext_cmdline", Boolean(false))
TRACE [neovide::editor] Option set Unknown("ext_popupmenu", Boolean(false))
TRACE [neovide::editor] Option set Unknown("ext_tabline", Boolean(false))
TRACE [neovide::editor] Option set Unknown("ext_wildmenu", Boolean(false))
TRACE [neovide::editor] Option set Unknown("ext_messages", Boolean(false))
WARN [neovide::editor] editor resize 1
ERROR [neovide::error_handling] Could not parse event from neovim: invalid event format
TRACE [neovide::bridge::handler] Neovim notification: "redraw"
TRACE [neovide::editor] Image flushed
TRACE [neovide::redraw_scheduler] Next frame queued
DEBUG [neovide::window::window_wrapper] Render Triggered
TRACE [neovide::renderer] Rendering
WARN [neovide::renderer] DefaultStyleChanged
WARN [neovide::renderer] Window 1 Position { left: 0, right: 0 }
WARN [neovide::renderer] Window 1 Clear
WARN [neovide::renderer] Window 1 Cell
WARN [neovide::renderer] Window 1 Cell
WARN [neovide::renderer] Window 1 Cell
WARN [neovide::renderer] Window 1 Cell
WARN [neovide::renderer] Window 1 Cell
WARN [neovide::renderer] Window 1 Cell
WARN [neovide::renderer] Window 1 Cell
WARN [neovide::renderer] Window 1 Cell
WARN [neovide::renderer] Window 1 Cell
WARN [neovide::renderer] Window 1 Cell
WARN [neovide::renderer] Window 1 Cell
WARN [neovide::renderer] Window 1 Cell
WARN [neovide::renderer] Window 1 Cell
WARN [neovide::renderer] Window 1 Cell
WARN [neovide::renderer] Window 1 Cell
WARN [neovide::renderer] Window 1 Cell
WARN [neovide::renderer] Window 1 Cell
WARN [neovide::renderer] Window 1 Cell
WARN [neovide::renderer] Window 1 Cell
WARN [neovide::renderer] Window 1 Cell
WARN [neovide::renderer] Window 1 Cell
WARN [neovide::renderer] Window 1 Cell
WARN [neovide::renderer] Window 1 Cell
WARN [neovide::renderer] Window 1 Cell
WARN [neovide::renderer] Window 1 Cell
WARN [neovide::renderer] Window 1 Cell
WARN [neovide::renderer] Window 1 Cell
WARN [neovide::renderer] Window 1 Cell
WARN [neovide::renderer] Window 1 Cell
WARN [neovide::renderer] Window 1 Cell
WARN [neovide::renderer] Window 1 Cell
WARN [neovide::renderer] Window 1 Cell
WARN [neovide::renderer] Window 1 Cell
WARN [neovide::renderer] Window 1 Cell
WARN [neovide::renderer] Window 1 Cell
WARN [neovide::renderer] Window 1 Cell
WARN [neovide::renderer] Window 1 Cell
WARN [neovide::renderer] Window 1 Cell
WARN [neovide::renderer] Window 1 Cell
WARN [neovide::renderer] Window 1 Cell
WARN [neovide::renderer] Window 1 Cell
WARN [neovide::renderer] Window 1 Cell
WARN [neovide::renderer] Window 1 Cell
WARN [neovide::renderer] Window 1 Cell
WARN [neovide::renderer] Window 1 Cell
WARN [neovide::renderer] Window 1 Cell
WARN [neovide::renderer] Window 1 Cell
WARN [neovide::renderer] Window 1 Cell
WARN [neovide::renderer] Window 1 Cell
WARN [neovide::renderer] Window 1 Cell
WARN [neovide::renderer] Window 1 Cell
WARN [neovide::renderer] Window 1 Cell
WARN [neovide::renderer] Window 1 Cell
WARN [neovide::renderer] Window 1 Cell
WARN [neovide::renderer] Window 1 Cell
WARN [neovide::renderer] Window 1 Clear
WARN [neovide::renderer] Window 1 Cell
WARN [neovide::renderer] Window 1 Cell
WARN [neovide::renderer] Window 1 Cell
WARN [neovide::renderer] Window 1 Cell
WARN [neovide::renderer] Window 1 Cell
WARN [neovide::renderer] Window 1 Cell
WARN [neovide::renderer] Window 1 Cell
WARN [neovide::renderer] Window 1 Cell
WARN [neovide::renderer] Window 1 Cell
WARN [neovide::renderer] Window 1 Cell
WARN [neovide::renderer] Window 1 Cell
WARN [neovide::renderer] Window 1 Cell
WARN [neovide::renderer] Window 1 Cell
WARN [neovide::renderer] Window 1 Cell
WARN [neovide::renderer] Window 1 Cell
WARN [neovide::renderer] Window 1 Cell
WARN [neovide::renderer] Window 1 Cell
WARN [neovide::renderer] Window 1 Cell
WARN [neovide::renderer] Window 1 Cell
WARN [neovide::renderer] Window 1 Cell
WARN [neovide::renderer] Window 1 Cell
WARN [neovide::renderer] Window 1 Cell
WARN [neovide::renderer] Window 1 Cell
WARN [neovide::renderer] Window 1 Cell
WARN [neovide::renderer] Window 1 Cell
WARN [neovide::renderer] Window 1 Cell
WARN [neovide::renderer] Window 1 Cell
WARN [neovide::renderer] Window 1 Cell
WARN [neovide::renderer] Window 1 Cell
WARN [neovide::renderer] Window 1 Cell
WARN [neovide::renderer] Window 1 Cell
WARN [neovide::renderer] Window 1 Cell
WARN [neovide::renderer] Window 1 Cell
WARN [neovide::renderer] Window 1 Cell
WARN [neovide::renderer] Window 1 Cell
WARN [neovide::renderer] Window 1 Cell
WARN [neovide::renderer] Window 1 Cell
WARN [neovide::renderer] Window 1 Cell
WARN [neovide::renderer] Window 1 Cell
WARN [neovide::renderer] ModeChanged
WARN [neovide::renderer] UpdateCursor
TRACE [neovide::redraw_scheduler] Next frame queued
TRACE [neovide::redraw_scheduler] Next frame queued
DEBUG [neovide::window::window_wrapper] Render Triggered
TRACE [neovide::renderer] Rendering
TRACE [neovide::redraw_scheduler] Next frame queued
DEBUG [neovide::window::window_wrapper] Render Triggered
TRACE [neovide::renderer] Rendering
TRACE [neovide::redraw_scheduler] Next frame queued
TRACE [neovide::redraw_scheduler] Next frame queued
DEBUG [neovide::window::window_wrapper] Render Triggered
TRACE [neovide::renderer] Rendering
TRACE [neovide::redraw_scheduler] Next frame queued
DEBUG [neovide::window::window_wrapper] Render Triggered
TRACE [neovide::renderer] Rendering
TRACE [neovide::redraw_scheduler] Next frame queued
TRACE [neovide::redraw_scheduler] Next frame queued
TRACE [neovide::bridge::handler] Neovim notification: "redraw"
ERROR [neovide::error_handling] Could not parse event from neovim: invalid event format
DEBUG [neovide::window::window_wrapper] Render Triggered
TRACE [neovide::renderer] Rendering
TRACE [neovide::redraw_scheduler] Next frame queued
TRACE [neovide::bridge::handler] Neovim notification: "redraw"
ERROR [neovide::error_handling] Could not parse event from neovim: invalid event format
DEBUG [neovide::window::window_wrapper] Render Triggered
TRACE [neovide::renderer] Rendering
TRACE [neovide::redraw_scheduler] Next frame queued
TRACE [neovide::redraw_scheduler] Next frame queued
DEBUG [neovide::window::window_wrapper] Render Triggered
TRACE [neovide::renderer] Rendering
TRACE [neovide::redraw_scheduler] Next frame queued
DEBUG [neovide::window::window_wrapper] Render Triggered
TRACE [neovide::renderer] Rendering
TRACE [neovide::redraw_scheduler] Next frame queued
TRACE [neovide::redraw_scheduler] Next frame queued
DEBUG [neovide::window::window_wrapper] Render Triggered
TRACE [neovide::renderer] Rendering
TRACE [neovide::redraw_scheduler] Next frame queued
DEBUG [neovide::window::window_wrapper] Render Triggered
TRACE [neovide::renderer] Rendering
TRACE [neovide::redraw_scheduler] Next frame queued
TRACE [neovide::redraw_scheduler] Next frame queued
DEBUG [neovide::window::window_wrapper] Render Triggered
TRACE [neovide::renderer] Rendering
TRACE [neovide::redraw_scheduler] Next frame queued
DEBUG [neovide::window::window_wrapper] Render Triggered
TRACE [neovide::renderer] Rendering
TRACE [neovide::redraw_scheduler] Next frame queued
TRACE [neovide::redraw_scheduler] Next frame queued
DEBUG [neovide::window::window_wrapper] Render Triggered
TRACE [neovide::renderer] Rendering
TRACE [neovide::redraw_scheduler] Next frame queued
DEBUG [neovide::window::window_wrapper] Render Triggered
TRACE [neovide::renderer] Rendering
TRACE [neovide::redraw_scheduler] Next frame queued
TRACE [neovide::redraw_scheduler] Next frame queued
DEBUG [neovide::window::window_wrapper] Render Triggered
TRACE [neovide::renderer] Rendering
TRACE [neovide::redraw_scheduler] Next frame queued
DEBUG [neovide::window::window_wrapper] Render Triggered
TRACE [neovide::renderer] Rendering
TRACE [neovide::redraw_scheduler] Next frame queued
TRACE [neovide::redraw_scheduler] Next frame queued
DEBUG [neovide::window::window_wrapper] Render Triggered
TRACE [neovide::renderer] Rendering
TRACE [neovide::redraw_scheduler] Next frame queued
DEBUG [neovide::window::window_wrapper] Render Triggered
TRACE [neovide::renderer] Rendering
TRACE [neovide::redraw_scheduler] Next frame queued
TRACE [neovide::redraw_scheduler] Next frame queued
DEBUG [neovide::window::window_wrapper] Render Triggered
TRACE [neovide::renderer] Rendering
TRACE [neovide::redraw_scheduler] Next frame queued
DEBUG [neovide::window::window_wrapper] Render Triggered
TRACE [neovide::renderer] Rendering
TRACE [neovide::redraw_scheduler] Next frame queued
TRACE [neovide::redraw_scheduler] Next frame queued
DEBUG [neovide::window::window_wrapper] Render Triggered
TRACE [neovide::renderer] Rendering
TRACE [neovide::redraw_scheduler] Next frame queued
DEBUG [neovide::window::window_wrapper] Render Triggered
TRACE [neovide::renderer] Rendering
TRACE [neovide::redraw_scheduler] Next frame queued
DEBUG [neovide::window::window_wrapper] Render Triggered
TRACE [neovide::renderer] Rendering
TRACE [neovide::redraw_scheduler] Next frame queued
TRACE [neovide::redraw_scheduler] Next frame queued
DEBUG [neovide::window::window_wrapper] Render Triggered
TRACE [neovide::renderer] Rendering
TRACE [neovide::redraw_scheduler] Next frame queued
TRACE [neovide::bridge::handler] Neovim notification: "redraw"
ERROR [neovide::error_handling] Could not parse event from neovim: invalid event format
DEBUG [neovide::window::window_wrapper] Render Triggered
TRACE [neovide::renderer] Rendering
TRACE [neovide::window::window_wrapper] Keyboard Input Received: keycode-Some(LGui) modifiers-LGUIMOD | NUMMOD text-None
TRACE [neovide::redraw_scheduler] Next frame queued
DEBUG [neovide::window::window_wrapper] Render Triggered
TRACE [neovide::renderer] Rendering
TRACE [neovide::redraw_scheduler] Next frame queued
